<?xml version="1.0" encoding="UTF-8"?>
<!-- Generated by org.testng.reporters.JUnitReportReporter -->
<testsuite hostname="shaikrasool11-test1-b8zst0d26gf" failures="0" tests="12" name="MyRunner.TestRunner" time="406.995" errors="0" timestamp="09 Feb 2022 06:35:48 GMT" skipped="0">
  <testcase classname="MyRunner.TestRunner" name="feature" time="16.399"/>
  <testcase classname="MyRunner.TestRunner" name="feature" time="36.257"/>
  <testcase classname="MyRunner.TestRunner" name="feature" time="15.215"/>
  <testcase classname="MyRunner.TestRunner" name="feature" time="17.991"/>
  <testcase classname="MyRunner.TestRunner" name="feature" time="36.135"/>
  <testcase classname="MyRunner.TestRunner" name="feature" time="77.383"/>
  <testcase classname="MyRunner.TestRunner" name="feature" time="19.198"/>
  <testcase classname="MyRunner.TestRunner" name="feature" time="26.979"/>
  <testcase classname="MyRunner.TestRunner" name="feature" time="27.158"/>
  <testcase classname="MyRunner.TestRunner" name="feature" time="20.035"/>
  <testcase classname="MyRunner.TestRunner" name="feature" time="23.363"/>
  <testcase classname="MyRunner.TestRunner" name="feature" time="90.882"/>
</testsuite> <!-- MyRunner.TestRunner -->
